<?xml version="1.0" encoding="UTF-8"?>
<testng-results skipped="0" failed="0" total="1" passed="1">
  <reporter-output>
  </reporter-output>
  <suite name="Default suite" duration-ms="73342" started-at="2020-08-04T19:07:58Z" finished-at="2020-08-04T19:09:11Z">
    <groups>
    </groups>
    <test name="Default test" duration-ms="73342" started-at="2020-08-04T19:07:58Z" finished-at="2020-08-04T19:09:11Z">
      <class name="com.autodeskcrm.contacttest.DeleteContactWithOrgTest">
        <test-method status="PASS" signature="configuringBS()[pri:0, instance:com.autodeskcrm.contacttest.DeleteContactWithOrgTest@4439f31e]" name="configuringBS" is-config="true" duration-ms="1603" started-at="2020-08-05T00:37:56Z" finished-at="2020-08-05T00:37:58Z">
          <reporter-output>
          </reporter-output>
        </test-method> <!-- configuringBS -->
        <test-method status="PASS" signature="configuringBC()[pri:0, instance:com.autodeskcrm.contacttest.DeleteContactWithOrgTest@4439f31e]" name="configuringBC" is-config="true" duration-ms="5315" started-at="2020-08-05T00:37:58Z" finished-at="2020-08-05T00:38:03Z">
          <reporter-output>
          </reporter-output>
        </test-method> <!-- configuringBC -->
        <test-method status="PASS" signature="congigureBM()[pri:0, instance:com.autodeskcrm.contacttest.DeleteContactWithOrgTest@4439f31e]" name="congigureBM" is-config="true" duration-ms="10200" started-at="2020-08-05T00:38:03Z" finished-at="2020-08-05T00:38:13Z">
          <reporter-output>
          </reporter-output>
        </test-method> <!-- congigureBM -->
        <test-method status="PASS" signature="deleteContactWithOrg()[pri:0, instance:com.autodeskcrm.contacttest.DeleteContactWithOrgTest@4439f31e]" name="deleteContactWithOrg" duration-ms="53724" started-at="2020-08-05T00:38:13Z" finished-at="2020-08-05T00:39:07Z">
          <reporter-output>
          </reporter-output>
        </test-method> <!-- deleteContactWithOrg -->
        <test-method status="PASS" signature="configureAM()[pri:0, instance:com.autodeskcrm.contacttest.DeleteContactWithOrgTest@4439f31e]" name="configureAM" is-config="true" duration-ms="4080" started-at="2020-08-05T00:39:07Z" finished-at="2020-08-05T00:39:11Z">
          <reporter-output>
          </reporter-output>
        </test-method> <!-- configureAM -->
        <test-method status="PASS" signature="configuringAS()[pri:0, instance:com.autodeskcrm.contacttest.DeleteContactWithOrgTest@4439f31e]" name="configuringAS" is-config="true" duration-ms="0" started-at="2020-08-05T00:39:11Z" finished-at="2020-08-05T00:39:11Z">
          <reporter-output>
          </reporter-output>
        </test-method> <!-- configuringAS -->
      </class> <!-- com.autodeskcrm.contacttest.DeleteContactWithOrgTest -->
    </test> <!-- Default test -->
  </suite> <!-- Default suite -->
</testng-results>
