<?xml version="1.0" encoding="UTF-8"?>
<testng-results skipped="0" failed="0" total="1" passed="1">
  <reporter-output>
  </reporter-output>
  <suite name="com.autodeskcrm.orgtest.DeleteOrganizationTest" duration-ms="51380" started-at="2020-08-04T05:54:49Z" finished-at="2020-08-04T05:55:40Z">
    <groups>
    </groups>
    <test name="Command line test" duration-ms="51380" started-at="2020-08-04T05:54:49Z" finished-at="2020-08-04T05:55:40Z">
      <class name="com.autodeskcrm.orgtest.DeleteOrganizationTest">
        <test-method status="PASS" signature="deleteOrganization()[pri:0, instance:com.autodeskcrm.orgtest.DeleteOrganizationTest@35f983a6]" name="deleteOrganization" duration-ms="51347" started-at="2020-08-04T11:24:49Z" finished-at="2020-08-04T11:25:40Z">
          <reporter-output>
          </reporter-output>
        </test-method> <!-- deleteOrganization -->
      </class> <!-- com.autodeskcrm.orgtest.DeleteOrganizationTest -->
    </test> <!-- Command line test -->
  </suite> <!-- com.autodeskcrm.orgtest.DeleteOrganizationTest -->
</testng-results>
